<?xml version="1.0" encoding="UTF-8"?>
<!-- Generated by org.testng.reporters.JUnitReportReporter -->
<testsuite skipped="1" hostname="SaurabhGupta" name="Work.Tshirtselection" tests="1" failures="0" timestamp="2020-08-26T18:02:09 IST" time="0.000" errors="0">
  <testcase name="TshirtSelection" time="0.000" classname="Work.Tshirtselection">
    <skipped/>
  </testcase> <!-- TshirtSelection -->
</testsuite> <!-- Work.Tshirtselection -->
