<?xml version="1.0" encoding="UTF-8"?>
<!-- Generated by org.testng.reporters.JUnitReportReporter -->
<testsuite skipped="0" hostname="SaurabhGupta" name="Workforce.Login" tests="1" failures="0" timestamp="2020-09-07T11:57:56 IST" time="16.470" errors="0">
  <testcase name="Login" time="16.470" classname="Workforce.Login"/>
</testsuite> <!-- Workforce.Login -->
