<?xml version="1.0" encoding="UTF-8"?>
<!-- Generated by org.testng.reporters.JUnitReportReporter -->
<testsuite skipped="0" hostname="SaurabhGupta" name="Workforce.Logout" tests="1" failures="0" timestamp="2020-09-07T19:00:58 IST" time="7.801" errors="0">
  <testcase name="Logout" time="7.801" classname="Workforce.Logout"/>
</testsuite> <!-- Workforce.Logout -->
