<?xml version="1.0" encoding="UTF-8"?>
<!-- Generated by org.testng.reporters.JUnitReportReporter -->
<testsuite skipped="1" hostname="SaurabhGupta" name="Work.Tshirt" tests="1" failures="0" timestamp="2020-08-26T14:30:31 IST" time="0.000" errors="0">
  <testcase name="Tshirt" time="0.000" classname="Work.Tshirt">
    <skipped/>
  </testcase> <!-- Tshirt -->
</testsuite> <!-- Work.Tshirt -->
