<?xml version="1.0" encoding="UTF-8"?>
<!-- Generated by org.testng.reporters.JUnitReportReporter -->
<testsuite skipped="0" hostname="SaurabhGupta" name="Work.Logincredential" tests="1" failures="0" timestamp="2020-08-28T12:31:35 IST" time="3.542" errors="0">
  <testcase name="Login" time="3.542" classname="Work.Logincredential"/>
</testsuite> <!-- Work.Logincredential -->
