<?xml version="1.0" encoding="UTF-8"?>
<!-- Generated by org.testng.reporters.JUnitReportReporter -->
<testsuite skipped="0" hostname="SaurabhGupta" name="Workforce.Newlist" tests="1" failures="0" timestamp="2020-09-07T19:00:58 IST" time="26.049" errors="0">
  <testcase name="Newlist" time="26.049" classname="Workforce.Newlist"/>
</testsuite> <!-- Workforce.Newlist -->
