<?xml version="1.0" encoding="UTF-8"?>
<!-- Generated by org.testng.reporters.JUnitReportReporter -->
<testsuite skipped="0" hostname="SaurabhGupta" name="Work.Login" tests="1" failures="0" timestamp="2020-08-28T12:31:35 IST" time="7.558" errors="0">
  <testcase name="Login" time="7.558" classname="Work.Login"/>
</testsuite> <!-- Work.Login -->
