<?xml version="1.0" encoding="UTF-8"?>
<!-- Generated by org.testng.reporters.JUnitReportReporter -->
<testsuite skipped="0" hostname="SaurabhGupta" name="Workforce.Listalldogs" tests="1" failures="0" timestamp="2020-09-07T19:00:58 IST" time="24.550" errors="0">
  <testcase name="shopping" time="24.550" classname="Workforce.Listalldogs"/>
</testsuite> <!-- Workforce.Listalldogs -->
