<?xml version="1.0" encoding="UTF-8"?>
<!-- Generated by org.testng.reporters.JUnitReportReporter -->
<testsuite skipped="0" hostname="SaurabhGupta" name="Work.Dogselection" tests="1" failures="0" timestamp="2020-08-28T12:31:35 IST" time="24.372" errors="0">
  <testcase name="Dogselection" time="24.372" classname="Work.Dogselection"/>
</testsuite> <!-- Work.Dogselection -->
