<?xml version="1.0" encoding="UTF-8"?>
<!-- Generated by org.testng.reporters.JUnitReportReporter -->
<testsuite skipped="0" hostname="SaurabhGupta" name="Work.Summary" tests="1" failures="0" timestamp="2020-08-28T12:31:35 IST" time="9.440" errors="0">
  <testcase name="shopping" time="9.440" classname="Work.Summary"/>
</testsuite> <!-- Work.Summary -->
